<?xml version="1.0" encoding="UTF-8"?>
<!-- Generated by org.testng.reporters.JUnitXMLReporter -->
<testsuite hostname="WPU8L0023421" name="Regression Test" tests="3" failures="1" timestamp="4 Aug 2019 20:18:25 GMT" time="73.017" errors="0">
  <testcase name="feature" time="20.103" classname="com.snowTest.testRunner.TestRunner"/>
  <testcase name="feature" time="39.535" classname="com.snowTest.testRunner.TestRunner"/>
  <testcase name="feature" time="11.494" classname="com.snowTest.testRunner.TestRunner">
    <failure type="cucumber.runtime.CucumberException" message="java.lang.AssertionError: expected [true] but found [false]">
      <![CDATA[cucumber.runtime.CucumberException: java.lang.AssertionError: expected [true] but found [false]
	at cucumber.api.testng.TestNGCucumberRunner.runCucumber(TestNGCucumberRunner.java:69)
	at com.snowTest.testRunner.TestRunner.feature(TestRunner.java:27)
Caused by: java.lang.AssertionError: expected [true] but found [false]
	at com.snowTest.stepDefinitions.RegisterPageStepDefinitions.i_navigate_to_Registration_page(RegisterPageStepDefinitions.java:32)
	at âœ½.Then I navigate to Registration page "Registeration"(registerNewAccount.feature:12)
... Removed 28 stack frames]]>
    </failure>
  </testcase> <!-- feature -->
</testsuite> <!-- Regression Test -->
